2026-04-18 01:12:47,438	INFO worker.py:1814 -- Connecting to existing Ray cluster at address: 10.72.191.173:6379...
2026-04-18 01:12:47,483	INFO worker.py:2003 -- Connected to Ray cluster. View the dashboard at [1m[32m10.72.191.173:8265 [39m[22m
/home/s223540177/.conda/envs/searchr1_new/lib/python3.10/site-packages/ray/_private/worker.py:2051: FutureWarning: Tip: In future versions of Ray, Ray will no longer override accelerator visible devices env var if num_gpus=0 or num_gpus=None (default). To enable this behavior and turn off this error message, set RAY_ACCEL_ENV_VAR_OVERRIDE_ON_ZERO=0
  warnings.warn(
srun: Job 2863344 step creation temporarily disabled, retrying (Requested nodes are busy)
srun: Job 2863344 step creation still disabled, retrying (Requested nodes are busy)
srun: Job 2863344 step creation still disabled, retrying (Requested nodes are busy)
srun: Job 2863344 step creation still disabled, retrying (Requested nodes are busy)
srun: Job 2863344 step creation still disabled, retrying (Requested nodes are busy)
srun: Job 2863344 step creation still disabled, retrying (Requested nodes are busy)
srun: Job 2863344 step creation still disabled, retrying (Requested nodes are busy)
srun: Job step aborted: Waiting up to 32 seconds for job step to finish.
srun: error: Unable to create step for job 2863344: Job/step already completing or completed
srun: Job step aborted: Waiting up to 32 seconds for job step to finish.
srun: Job step aborted: Waiting up to 32 seconds for job step to finish.
srun: Job step aborted: Waiting up to 32 seconds for job step to finish.
slurmstepd: error: *** STEP 2863344.3 ON rtxp6000l-f-01 CANCELLED AT 2026-04-18T01:29:01 ***
slurmstepd: error: *** STEP 2863344.2 ON l40s-f-03 CANCELLED AT 2026-04-18T01:29:01 ***
slurmstepd: error: *** STEP 2863344.4 ON v100-f-14 CANCELLED AT 2026-04-18T01:29:01 ***
slurmstepd: error: *** JOB 2863344 ON l40s-f-03 CANCELLED AT 2026-04-18T01:29:01 ***
slurmstepd: error: *** STEP 2863344.5 ON v100-f-13 CANCELLED AT 2026-04-18T01:29:01 ***
