
Due to MODULEPATH changes the following have been reloaded:
  1) Anaconda3/2024.02

2026-04-18 00:12:17,074	INFO worker.py:1832 -- Connecting to existing Ray cluster at address: 10.72.191.181:6379...
2026-04-18 00:12:17,082	INFO worker.py:2012 -- Connected to Ray cluster.
/home/s223540177/.conda/envs/searchr1/lib/python3.9/site-packages/ray/_private/worker.py:2051: FutureWarning: Tip: In future versions of Ray, Ray will no longer override accelerator visible devices env var if num_gpus=0 or num_gpus=None (default). To enable this behavior and turn off this error message, set RAY_ACCEL_ENV_VAR_OVERRIDE_ON_ZERO=0
  warnings.warn(
srun: Job 2863290 step creation temporarily disabled, retrying (Requested nodes are busy)
srun: Job 2863290 step creation still disabled, retrying (Requested nodes are busy)
srun: Job 2863290 step creation still disabled, retrying (Requested nodes are busy)
srun: Job 2863290 step creation still disabled, retrying (Requested nodes are busy)
srun: Job 2863290 step creation still disabled, retrying (Requested nodes are busy)
srun: Job 2863290 step creation still disabled, retrying (Requested nodes are busy)
srun: Job 2863290 step creation still disabled, retrying (Requested nodes are busy)
srun: Job 2863290 step creation still disabled, retrying (Requested nodes are busy)
srun: Job 2863290 step creation still disabled, retrying (Requested nodes are busy)
srun: Job 2863290 step creation still disabled, retrying (Requested nodes are busy)
srun: Job 2863290 step creation still disabled, retrying (Requested nodes are busy)
srun: Job 2863290 step creation still disabled, retrying (Requested nodes are busy)
srun: Job 2863290 step creation still disabled, retrying (Requested nodes are busy)
srun: Job 2863290 step creation still disabled, retrying (Requested nodes are busy)
srun: Job 2863290 step creation still disabled, retrying (Requested nodes are busy)
srun: Job 2863290 step creation still disabled, retrying (Requested nodes are busy)
srun: Job 2863290 step creation still disabled, retrying (Requested nodes are busy)
srun: Job 2863290 step creation still disabled, retrying (Requested nodes are busy)
srun: Job 2863290 step creation still disabled, retrying (Requested nodes are busy)
srun: Job step aborted: Waiting up to 32 seconds for job step to finish.
srun: Job step aborted: Waiting up to 32 seconds for job step to finish.
srun: Job step aborted: Waiting up to 32 seconds for job step to finish.
srun: Job step aborted: Waiting up to 32 seconds for job step to finish.
srun: error: Unable to create step for job 2863290: Job/step already completing or completed
slurmstepd: error: *** STEP 2863290.2 ON rtxp6000l-f-01 CANCELLED AT 2026-04-18T00:53:55 ***
slurmstepd: error: *** JOB 2863290 ON rtxp6000l-f-01 CANCELLED AT 2026-04-18T00:53:55 ***
slurmstepd: error: *** STEP 2863290.5 ON v100-f-15 CANCELLED AT 2026-04-18T00:53:55 ***
slurmstepd: error: *** STEP 2863290.3 ON v100-f-03 CANCELLED AT 2026-04-18T00:53:55 ***
slurmstepd: error: *** STEP 2863290.4 ON v100-f-02 CANCELLED AT 2026-04-18T00:53:55 ***
