2026-04-18 23:44:08,948	INFO worker.py:1814 -- Connecting to existing Ray cluster at address: 10.72.191.64:6379...
2026-04-18 23:44:08,996	INFO worker.py:2003 -- Connected to Ray cluster. View the dashboard at [1m[32m10.72.191.64:8265 [39m[22m
/home/s223540177/.conda/envs/searchr1_new/lib/python3.10/site-packages/ray/_private/worker.py:2051: FutureWarning: Tip: In future versions of Ray, Ray will no longer override accelerator visible devices env var if num_gpus=0 or num_gpus=None (default). To enable this behavior and turn off this error message, set RAY_ACCEL_ENV_VAR_OVERRIDE_ON_ZERO=0
  warnings.warn(
srun: Job 2863544 step creation temporarily disabled, retrying (Requested nodes are busy)
srun: Job 2863544 step creation still disabled, retrying (Requested nodes are busy)
srun: Job 2863544 step creation still disabled, retrying (Requested nodes are busy)
srun: Job 2863544 step creation still disabled, retrying (Requested nodes are busy)
srun: Job 2863544 step creation still disabled, retrying (Requested nodes are busy)
srun: Job 2863544 step creation still disabled, retrying (Requested nodes are busy)
slurmstepd: error: *** STEP 2863544.5 ON v100-f-09 CANCELLED AT 2026-04-19T00:00:47 ***
slurmstepd: error: *** STEP 2863544.8 ON v100-f-14 CANCELLED AT 2026-04-19T00:00:47 ***
slurmstepd: error: *** STEP 2863544.7 ON v100-f-12 CANCELLED AT 2026-04-19T00:00:47 ***
slurmstepd: error: *** STEP 2863544.4 ON v100-f-06 CANCELLED AT 2026-04-19T00:00:47 ***
slurmstepd: error: *** STEP 2863544.3 ON v100-f-17 CANCELLED AT 2026-04-19T00:00:47 ***
srun: Job step aborted: Waiting up to 32 seconds for job step to finish.
slurmstepd: error: *** STEP 2863544.2 ON v100-f-04 CANCELLED AT 2026-04-19T00:00:47 ***
srun: Job step aborted: Waiting up to 32 seconds for job step to finish.
srun: Job step aborted: Waiting up to 32 seconds for job step to finish.
slurmstepd: error: *** JOB 2863544 ON v100-f-04 CANCELLED AT 2026-04-19T00:00:47 ***
srun: Job step aborted: Waiting up to 32 seconds for job step to finish.
srun: Job step aborted: Waiting up to 32 seconds for job step to finish.
srun: Job step aborted: Waiting up to 32 seconds for job step to finish.
srun: Job step aborted: Waiting up to 32 seconds for job step to finish.
srun: Job step aborted: Waiting up to 32 seconds for job step to finish.
srun: error: Unable to create step for job 2863544: Job/step already completing or completed
slurmstepd: error: *** STEP 2863544.9 ON v100-f-13 CANCELLED AT 2026-04-19T00:00:47 ***
slurmstepd: error: *** STEP 2863544.6 ON v100-f-11 CANCELLED AT 2026-04-19T00:00:47 ***
