2026-04-18 13:22:27,889	INFO worker.py:1814 -- Connecting to existing Ray cluster at address: 10.72.191.66:6379...
2026-04-18 13:22:27,948	INFO worker.py:2003 -- Connected to Ray cluster. View the dashboard at [1m[32m10.72.191.66:8265 [39m[22m
/home/s223540177/.conda/envs/searchr1_new/lib/python3.10/site-packages/ray/_private/worker.py:2051: FutureWarning: Tip: In future versions of Ray, Ray will no longer override accelerator visible devices env var if num_gpus=0 or num_gpus=None (default). To enable this behavior and turn off this error message, set RAY_ACCEL_ENV_VAR_OVERRIDE_ON_ZERO=0
  warnings.warn(
srun: Job 2863447 step creation temporarily disabled, retrying (Requested nodes are busy)
srun: Job 2863447 step creation still disabled, retrying (Requested nodes are busy)
srun: Job 2863447 step creation still disabled, retrying (Requested nodes are busy)
srun: Job 2863447 step creation still disabled, retrying (Requested nodes are busy)
srun: Job 2863447 step creation still disabled, retrying (Requested nodes are busy)
srun: Job 2863447 step creation still disabled, retrying (Requested nodes are busy)
srun: Job 2863447 step creation still disabled, retrying (Requested nodes are busy)
srun: Job 2863447 step creation still disabled, retrying (Requested nodes are busy)
srun: Job 2863447 step creation still disabled, retrying (Requested nodes are busy)
srun: Job 2863447 step creation still disabled, retrying (Requested nodes are busy)
srun: Job 2863447 step creation still disabled, retrying (Requested nodes are busy)
srun: Job 2863447 step creation still disabled, retrying (Requested nodes are busy)
srun: Job 2863447 step creation still disabled, retrying (Requested nodes are busy)
srun: Job 2863447 step creation still disabled, retrying (Requested nodes are busy)
srun: Job 2863447 step creation still disabled, retrying (Requested nodes are busy)
srun: Job 2863447 step creation still disabled, retrying (Requested nodes are busy)
srun: Job 2863447 step creation still disabled, retrying (Requested nodes are busy)
srun: Job 2863447 step creation still disabled, retrying (Requested nodes are busy)
srun: Job 2863447 step creation still disabled, retrying (Requested nodes are busy)
srun: Job 2863447 step creation still disabled, retrying (Requested nodes are busy)
srun: Job 2863447 step creation still disabled, retrying (Requested nodes are busy)
srun: Job 2863447 step creation still disabled, retrying (Requested nodes are busy)
srun: Job 2863447 step creation still disabled, retrying (Requested nodes are busy)
srun: Job 2863447 step creation still disabled, retrying (Requested nodes are busy)
srun: Job 2863447 step creation still disabled, retrying (Requested nodes are busy)
srun: Job 2863447 step creation still disabled, retrying (Requested nodes are busy)
srun: Job 2863447 step creation still disabled, retrying (Requested nodes are busy)
srun: Job 2863447 step creation still disabled, retrying (Requested nodes are busy)
srun: Job 2863447 step creation still disabled, retrying (Requested nodes are busy)
srun: Job 2863447 step creation still disabled, retrying (Requested nodes are busy)
srun: Job 2863447 step creation still disabled, retrying (Requested nodes are busy)
srun: Job 2863447 step creation still disabled, retrying (Requested nodes are busy)
srun: Job 2863447 step creation still disabled, retrying (Requested nodes are busy)
srun: Job 2863447 step creation still disabled, retrying (Requested nodes are busy)
srun: Job 2863447 step creation still disabled, retrying (Requested nodes are busy)
srun: Job 2863447 step creation still disabled, retrying (Requested nodes are busy)
srun: Job 2863447 step creation still disabled, retrying (Requested nodes are busy)
srun: Job 2863447 step creation still disabled, retrying (Requested nodes are busy)
srun: Job 2863447 step creation still disabled, retrying (Requested nodes are busy)
srun: Job 2863447 step creation still disabled, retrying (Requested nodes are busy)
srun: Job 2863447 step creation still disabled, retrying (Requested nodes are busy)
srun: Job 2863447 step creation still disabled, retrying (Requested nodes are busy)
srun: Job 2863447 step creation still disabled, retrying (Requested nodes are busy)
srun: Job 2863447 step creation still disabled, retrying (Requested nodes are busy)
srun: Job 2863447 step creation still disabled, retrying (Requested nodes are busy)
srun: Job 2863447 step creation still disabled, retrying (Requested nodes are busy)
srun: Job 2863447 step creation still disabled, retrying (Requested nodes are busy)
srun: Job 2863447 step creation still disabled, retrying (Requested nodes are busy)
srun: Job 2863447 step creation still disabled, retrying (Requested nodes are busy)
srun: Job step aborted: Waiting up to 32 seconds for job step to finish.
srun: Job step aborted: Waiting up to 32 seconds for job step to finish.
srun: Job step aborted: Waiting up to 32 seconds for job step to finish.
srun: Job step aborted: Waiting up to 32 seconds for job step to finish.
srun: error: Unable to create step for job 2863447: Job/step already completing or completed
slurmstepd: error: *** STEP 2863447.3 ON v100-f-13 CANCELLED AT 2026-04-18T15:08:35 ***
slurmstepd: error: *** STEP 2863447.5 ON v100-f-14 CANCELLED AT 2026-04-18T15:08:35 ***
slurmstepd: error: *** JOB 2863447 ON v100-f-06 CANCELLED AT 2026-04-18T15:08:35 ***
slurmstepd: error: *** STEP 2863447.4 ON v100-f-15 CANCELLED AT 2026-04-18T15:08:35 ***
